[2019-02-15 09:28:42] local.ERROR: Class 'Barryvdh\LaravelIdeHelper\IdeHelperServiceProvider' not found {"exception":"[object] (Symfony\\Component\\Debug\\Exception\\FatalThrowableError(code: 0): Class 'Barryvdh\\LaravelIdeHelper\\IdeHelperServiceProvider' not found at /vagrant/roast/vendor/laravel/framework/src/Illuminate/Foundation/ProviderRepository.php:208)
[stacktrace]
#0 /vagrant/roast/vendor/laravel/framework/src/Illuminate/Foundation/ProviderRepository.php(144): Illuminate\\Foundation\\ProviderRepository->createProvider('Barryvdh\\\\Larave...')
#1 /vagrant/roast/vendor/laravel/framework/src/Illuminate/Foundation/ProviderRepository.php(61): Illuminate\\Foundation\\ProviderRepository->compileManifest(Array)
#2 /vagrant/roast/vendor/laravel/framework/src/Illuminate/Foundation/Application.php(550): Illuminate\\Foundation\\ProviderRepository->load(Array)
#3 /vagrant/roast/vendor/laravel/framework/src/Illuminate/Foundation/Bootstrap/RegisterProviders.php(17): Illuminate\\Foundation\\Application->registerConfiguredProviders()
#4 /vagrant/roast/vendor/laravel/framework/src/Illuminate/Foundation/Application.php(204): Illuminate\\Foundation\\Bootstrap\\RegisterProviders->bootstrap(Object(Illuminate\\Foundation\\Application))
#5 /vagrant/roast/vendor/laravel/framework/src/Illuminate/Foundation/Http/Kernel.php(162): Illuminate\\Foundation\\Application->bootstrapWith(Array)
#6 /vagrant/roast/vendor/laravel/framework/src/Illuminate/Foundation/Http/Kernel.php(146): Illuminate\\Foundation\\Http\\Kernel->bootstrap()
#7 /vagrant/roast/vendor/laravel/framework/src/Illuminate/Foundation/Http/Kernel.php(116): Illuminate\\Foundation\\Http\\Kernel->sendRequestThroughRouter(Object(Illuminate\\Http\\Request))
#8 /vagrant/roast/public/index.php(55): Illuminate\\Foundation\\Http\\Kernel->handle(Object(Illuminate\\Http\\Request))
#9 {main}
"} 
[2019-02-15 09:28:48] local.ERROR: Class 'Barryvdh\LaravelIdeHelper\IdeHelperServiceProvider' not found {"exception":"[object] (Symfony\\Component\\Debug\\Exception\\FatalThrowableError(code: 0): Class 'Barryvdh\\LaravelIdeHelper\\IdeHelperServiceProvider' not found at /vagrant/roast/vendor/laravel/framework/src/Illuminate/Foundation/ProviderRepository.php:208)
[stacktrace]
#0 /vagrant/roast/vendor/laravel/framework/src/Illuminate/Foundation/ProviderRepository.php(144): Illuminate\\Foundation\\ProviderRepository->createProvider('Barryvdh\\\\Larave...')
#1 /vagrant/roast/vendor/laravel/framework/src/Illuminate/Foundation/ProviderRepository.php(61): Illuminate\\Foundation\\ProviderRepository->compileManifest(Array)
#2 /vagrant/roast/vendor/laravel/framework/src/Illuminate/Foundation/Application.php(550): Illuminate\\Foundation\\ProviderRepository->load(Array)
#3 /vagrant/roast/vendor/laravel/framework/src/Illuminate/Foundation/Bootstrap/RegisterProviders.php(17): Illuminate\\Foundation\\Application->registerConfiguredProviders()
#4 /vagrant/roast/vendor/laravel/framework/src/Illuminate/Foundation/Application.php(204): Illuminate\\Foundation\\Bootstrap\\RegisterProviders->bootstrap(Object(Illuminate\\Foundation\\Application))
#5 /vagrant/roast/vendor/laravel/framework/src/Illuminate/Foundation/Http/Kernel.php(162): Illuminate\\Foundation\\Application->bootstrapWith(Array)
#6 /vagrant/roast/vendor/laravel/framework/src/Illuminate/Foundation/Http/Kernel.php(146): Illuminate\\Foundation\\Http\\Kernel->bootstrap()
#7 /vagrant/roast/vendor/laravel/framework/src/Illuminate/Foundation/Http/Kernel.php(116): Illuminate\\Foundation\\Http\\Kernel->sendRequestThroughRouter(Object(Illuminate\\Http\\Request))
#8 /vagrant/roast/public/index.php(55): Illuminate\\Foundation\\Http\\Kernel->handle(Object(Illuminate\\Http\\Request))
#9 {main}
"} 
[2019-02-15 09:34:34] local.ERROR: Allowed memory size of 134217728 bytes exhausted (tried to allocate 98570240 bytes) {"userId":1,"exception":"[object] (Symfony\\Component\\Debug\\Exception\\FatalErrorException(code: 1): Allowed memory size of 134217728 bytes exhausted (tried to allocate 98570240 bytes) at /vagrant/roast/vendor/laravel/framework/src/Illuminate/Container/Container.php:241)
[stacktrace]
#0 {main}
"} 
[2019-02-15 09:34:35] local.ERROR: Allowed memory size of 134217728 bytes exhausted (tried to allocate 81793024 bytes) {"userId":1,"exception":"[object] (Symfony\\Component\\Debug\\Exception\\FatalErrorException(code: 1): Allowed memory size of 134217728 bytes exhausted (tried to allocate 81793024 bytes) at /vagrant/roast/vendor/laravel/framework/src/Illuminate/Container/Container.php:241)
[stacktrace]
#0 {main}
"} 
[2019-02-15 09:37:29] local.ERROR: Allowed memory size of 134217728 bytes exhausted (tried to allocate 98570240 bytes) {"exception":"[object] (Symfony\\Component\\Debug\\Exception\\FatalErrorException(code: 1): Allowed memory size of 134217728 bytes exhausted (tried to allocate 98570240 bytes) at /vagrant/roast/vendor/laravel/framework/src/Illuminate/Container/Container.php:241)
[stacktrace]
#0 {main}
"} 
[2019-02-15 10:03:20] local.ERROR: Allowed memory size of 134217728 bytes exhausted (tried to allocate 60821504 bytes) {"userId":1,"exception":"[object] (Symfony\\Component\\Debug\\Exception\\FatalErrorException(code: 1): Allowed memory size of 134217728 bytes exhausted (tried to allocate 60821504 bytes) at /vagrant/roast/vendor/laravel/framework/src/Illuminate/Container/Container.php:241)
[stacktrace]
#0 {main}
"} 
[2019-02-15 10:03:26] local.ERROR: Allowed memory size of 134217728 bytes exhausted (tried to allocate 73404416 bytes) {"userId":1,"exception":"[object] (Symfony\\Component\\Debug\\Exception\\FatalErrorException(code: 1): Allowed memory size of 134217728 bytes exhausted (tried to allocate 73404416 bytes) at /vagrant/roast/vendor/laravel/framework/src/Illuminate/Container/Container.php:241)
[stacktrace]
#0 {main}
"} 
